<?xml version="1.0" encoding="UTF-8"?>
<!-- Generated by org.testng.reporters.JUnitReportReporter -->
<testsuite skipped="0" hostname="EKT1614245MAC.local" name="com.facebook.lite.InicioTest" tests="1" failures="0" timestamp="2019-12-07T11:33:45 CST" time="21.968" errors="0">
  <testcase name="validationTest" time="21.968" classname="com.facebook.lite.InicioTest"/>
</testsuite> <!-- com.facebook.lite.InicioTest -->
